<?xml version="1.0" encoding="UTF-8"?>
<!-- Generated by org.testng.reporters.JUnitReportReporter -->
<testsuite hostname="DESKTOP-4COMNSG" failures="0" tests="2" name="RestAssured.Rest_cucumber_ApiTestAutomation.GetApi" time="1.942" errors="0" timestamp="16 Dec 2020 11:11:17 GMT" skipped="0">
  <testcase classname="RestAssured.Rest_cucumber_ApiTestAutomation.GetApi" name="makesuregoogleIsup" time="1.723"/>
  <testcase classname="RestAssured.Rest_cucumber_ApiTestAutomation.GetApi" name="statusCode" time="0.219"/>
</testsuite> <!-- RestAssured.Rest_cucumber_ApiTestAutomation.GetApi -->
