<?xml version="1.0" encoding="UTF-8"?>
<!-- Generated by org.testng.reporters.JUnitReportReporter -->
<testsuite hostname="DESKTOP-4COMNSG" failures="0" tests="1" name="apiTest.GetApiTest" time="1.144" errors="0" timestamp="2021-07-03T14:43:48 BST" skipped="0">
  <testcase classname="apiTest.GetApiTest" name="testGetRequest" time="1.144"/>
  <system-out/>
</testsuite> <!-- apiTest.GetApiTest -->
