<?xml version="1.0" encoding="UTF-8"?>
<!-- Generated by org.testng.reporters.JUnitReportReporter -->
<testsuite hostname="DESKTOP-4COMNSG" failures="0" tests="2" name="apiTest.GetApi" time="3.336" errors="0" timestamp="2021-07-02T10:44:38 BST" skipped="0">
  <testcase classname="apiTest.GetApi" name="makesuregoogleIsup" time="2.823"/>
  <system-out/>
  <testcase classname="apiTest.GetApi" name="statusCode" time="0.513"/>
  <system-out/>
</testsuite> <!-- apiTest.GetApi -->
