<?xml version="1.0" encoding="UTF-8"?>
<!-- Generated by org.testng.reporters.JUnitReportReporter -->
<testsuite hostname="DESKTOP-4COMNSG" failures="0" tests="1" name="RestAssured.Rest_cucumber_ApiTestAutomation.App" time="2.929" errors="0" timestamp="16 Dec 2020 10:20:37 GMT" skipped="0">
  <testcase classname="RestAssured.Rest_cucumber_ApiTestAutomation.App" name="getJsonPlaceholder" time="2.929"/>
</testsuite> <!-- RestAssured.Rest_cucumber_ApiTestAutomation.App -->
